32
32
32
Esto se logeará, pero no loggear de autenticarse, loguear de reportar en un fichero este texto
32
32
Esto se logeará, pero no loggear de autenticarse, loguear de reportar en un fichero este texto
32
32
2024-06-20 15:53:51,605 - CRITICAL - 32
2024-06-20 15:53:51,605 - CRITICAL - 32
Esto se logeará, pero no loggear de autenticarse, loguear de reportar en un fichero este texto
2024-06-20 15:53:51,611 - WARNING - Esto se logeará, pero no loggear de autenticarse, loguear de reportar en un fichero este texto
2024-06-20 15:53:51,611 - WARNING - Esto se logeará, pero no loggear de autenticarse, loguear de reportar en un fichero este texto
INVALID DATA ERROR!
2024-06-21 11:10:10,736 - ERROR - INVALID DATA ERROR!
2024-06-21 11:10:10,736 - ERROR - INVALID DATA ERROR!
INVALID DATA ERROR!
2024-06-21 11:11:23,652 - ERROR - INVALID DATA ERROR!
2024-06-21 11:11:23,652 - ERROR - INVALID DATA ERROR!
INVALID DATA ERROR!
2024-06-21 11:22:31,582 - ERROR - INVALID DATA ERROR!
2024-06-21 11:22:31,582 - ERROR - INVALID DATA ERROR!
INVALID DATA ERROR!
2024-06-21 11:23:24,806 - ERROR - INVALID DATA ERROR!
2024-06-21 11:23:24,806 - ERROR - INVALID DATA ERROR!
INVALID DATA ERROR!
2024-06-21 11:24:30,553 - ERROR - INVALID DATA ERROR!
2024-06-21 11:24:30,553 - ERROR - INVALID DATA ERROR!
INVALID DATA ERROR!
2024-06-21 11:35:52,531 - ERROR - INVALID DATA ERROR!
2024-06-21 11:35:52,531 - ERROR - INVALID DATA ERROR!
INVALID DATA ERROR!
2024-06-21 11:45:10,933 - ERROR - INVALID DATA ERROR!
2024-06-21 11:45:10,933 - ERROR - INVALID DATA ERROR!
INVALID DATA ERROR!
2024-06-21 11:51:20,496 - ERROR - INVALID DATA ERROR!
2024-06-21 11:51:20,496 - ERROR - INVALID DATA ERROR!
INVALID DATA ERROR!
2024-06-21 12:02:04,534 - ERROR - INVALID DATA ERROR!
2024-06-21 12:02:04,534 - ERROR - INVALID DATA ERROR!
INVALID DATA ERROR!
2024-06-21 12:03:57,030 - ERROR - INVALID DATA ERROR!
2024-06-21 12:03:57,030 - ERROR - INVALID DATA ERROR!
INVALID DATA ERROR!
2024-06-21 12:09:24,615 - ERROR - INVALID DATA ERROR!
2024-06-21 12:09:24,615 - ERROR - INVALID DATA ERROR!
INVALID DATA ERROR!
2024-06-21 12:18:57,997 - ERROR - INVALID DATA ERROR!
2024-06-21 12:18:57,997 - ERROR - INVALID DATA ERROR!
INVALID DATA ERROR!
2024-06-21 12:22:52,132 - ERROR - INVALID DATA ERROR!
2024-06-21 12:22:52,132 - ERROR - INVALID DATA ERROR!
